<?xml version="1.0" encoding="utf-8"?><testsuites name="pytest tests"><testsuite name="pytest" errors="0" failures="3" skipped="0" tests="30" time="10.873" timestamp="2026-07-25T09:39:11.861698+00:00" hostname="agent-env-8cb7f90b-7649-48a9-9c65-e4118c6e14a0"><testcase classname="tests.backend_test.TestHealth" name="test_api_root" time="0.214" /><testcase classname="tests.backend_test.TestHealth" name="test_backend_is_nodejs_not_fastapi" time="0.000" /><testcase classname="tests.backend_test.TestHealth" name="test_no_old_email_in_repo" time="0.643"><failure message="AssertionError: Old email still present in: /app/backend/tests/backend_test.py&#10;  /app/backend/tests/__pycache__/backend_test.cpython-311-pytest-9.1.1.pyc&#10;  &#10;assert '/app/backend...est-9.1.1.pyc' == ''&#10;  &#10;  + /app/backend/tests/backend_test.py&#10;  + /app/backend/tests/__pycache__/backend_test.cpython-311-pytest-9.1.1.pyc">tests/backend_test.py:93: in test_no_old_email_in_repo
    assert out.stdout.strip() == "", f"Old email still present in: {out.stdout}"
E   AssertionError: Old email still present in: /app/backend/tests/backend_test.py
E     /app/backend/tests/__pycache__/backend_test.cpython-311-pytest-9.1.1.pyc
E     
E   assert '/app/backend...est-9.1.1.pyc' == ''
E     
E     + /app/backend/tests/backend_test.py
E     + /app/backend/tests/__pycache__/backend_test.cpython-311-pytest-9.1.1.pyc</failure></testcase><testcase classname="tests.backend_test.TestHealth" name="test_new_email_present_in_frontend_source" time="0.000" /><testcase classname="tests.backend_test.TestBookings" name="test_create_booking_and_persist" time="0.171" /><testcase classname="tests.backend_test.TestBookings" name="test_create_booking_invalid_shift" time="0.040" /><testcase classname="tests.backend_test.TestBookings" name="test_create_booking_missing_required" time="0.039" /><testcase classname="tests.backend_test.TestBookings" name="test_update_booking_status" time="0.125" /><testcase classname="tests.backend_test.TestBookings" name="test_update_status_not_found" time="0.043" /><testcase classname="tests.backend_test.TestBookings" name="test_admin_bookings_requires_pin" time="0.040" /><testcase classname="tests.backend_test.TestBookings" name="test_admin_bookings_wrong_pin" time="0.096" /><testcase classname="tests.backend_test.TestInquiries" name="test_create_inquiry_types[contact]" time="0.083" /><testcase classname="tests.backend_test.TestInquiries" name="test_create_inquiry_types[callback]" time="0.103" /><testcase classname="tests.backend_test.TestInquiries" name="test_create_inquiry_types[package]" time="0.086" /><testcase classname="tests.backend_test.TestInquiries" name="test_create_inquiry_types[hotel]" time="0.081" /><testcase classname="tests.backend_test.TestInquiries" name="test_inquiry_invalid_type" time="0.039" /><testcase classname="tests.backend_test.TestInquiries" name="test_admin_inquiries_requires_pin" time="0.039" /><testcase classname="tests.backend_test.TestAdmin" name="test_login_success" time="0.041" /><testcase classname="tests.backend_test.TestAdmin" name="test_login_failure" time="0.039" /><testcase classname="tests.backend_test.TestAdmin" name="test_stats" time="0.050" /><testcase classname="tests.backend_test.TestAdmin" name="test_live_feed" time="0.074" /><testcase classname="tests.backend_test.TestPublicContent" name="test_reviews" time="0.040" /><testcase classname="tests.backend_test.TestPublicContent" name="test_hotels" time="0.039" /><testcase classname="tests.backend_test.TestPublicContent" name="test_images" time="0.042" /><testcase classname="tests.backend_test.TestPublicContent" name="test_404_unknown_route" time="0.040" /><testcase classname="tests.backend_test.TestAdminCrud" name="test_review_crud" time="0.243" /><testcase classname="tests.backend_test.TestAdminCrud" name="test_hotel_crud" time="0.177" /><testcase classname="tests.backend_test.TestTelegramNotification" name="test_env_vars_configured" time="0.000" /><testcase classname="tests.backend_test.TestTelegramNotification" name="test_booking_triggers_telegram_without_skip_or_error" time="4.049"><failure message="AssertionError: Telegram env vars not loaded at module import time (dotenv.config runs AFTER require)&#10;assert 'Telegram no...tion skipped' not in 'Telegram no...ID not set\n'&#10;  &#10;  'Telegram notification skipped' is contained here:&#10;    Telegram notification skipped: TELEGRAM_BOT_TOKEN or TELEGRAM_CHAT_ID not set&#10;  ? +++++++++++++++++++++++++++++">tests/backend_test.py:294: in test_booking_triggers_telegram_without_skip_or_error
    assert "Telegram notification skipped" not in new_logs, \
E   AssertionError: Telegram env vars not loaded at module import time (dotenv.config runs AFTER require)
E   assert 'Telegram no...tion skipped' not in 'Telegram no...ID not set\n'
E     
E     'Telegram notification skipped' is contained here:
E       Telegram notification skipped: TELEGRAM_BOT_TOKEN or TELEGRAM_CHAT_ID not set
E     ? +++++++++++++++++++++++++++++</failure></testcase><testcase classname="tests.backend_test.TestTelegramNotification" name="test_inquiry_triggers_telegram_without_skip_or_error" time="4.053"><failure message="AssertionError: Telegram env vars not loaded at module import time&#10;assert 'Telegram no...tion skipped' not in 'Telegram no...ID not set\n'&#10;  &#10;  'Telegram notification skipped' is contained here:&#10;    Telegram notification skipped: TELEGRAM_BOT_TOKEN or TELEGRAM_CHAT_ID not set&#10;  ? +++++++++++++++++++++++++++++">tests/backend_test.py:304: in test_inquiry_triggers_telegram_without_skip_or_error
    assert "Telegram notification skipped" not in new_logs, \
E   AssertionError: Telegram env vars not loaded at module import time
E   assert 'Telegram no...tion skipped' not in 'Telegram no...ID not set\n'
E     
E     'Telegram notification skipped' is contained here:
E       Telegram notification skipped: TELEGRAM_BOT_TOKEN or TELEGRAM_CHAT_ID not set
E     ? +++++++++++++++++++++++++++++</failure></testcase></testsuite></testsuites>